0 info it worked if it ends with ok
1 verbose cli [ '/usr/local/bin/node', '/usr/local/bin/npm', 'run', 'lint' ]
2 info using npm@3.9.6
3 info using node@v4.4.4
4 verbose run-script [ 'prelint', 'lint', 'postlint' ]
5 info lifecycle google-map-react@0.16.0~prelint: google-map-react@0.16.0
6 silly lifecycle google-map-react@0.16.0~prelint: no script for prelint, continuing
7 info lifecycle google-map-react@0.16.0~lint: google-map-react@0.16.0
8 verbose lifecycle google-map-react@0.16.0~lint: unsafe-perm in lifecycle true
9 verbose lifecycle google-map-react@0.16.0~lint: PATH: /usr/local/lib/node_modules/npm/bin/node-gyp-bin:/Users/kolombor/Desktop/google-map-react/node_modules/.bin:/usr/local/bin:/Users/kolombor/.rbenv/shims:/usr/local/bin:/usr/bin:/bin:/usr/sbin:/sbin:/Users/kolombor/.cache/rebar3/bin
10 verbose lifecycle google-map-react@0.16.0~lint: CWD: /Users/kolombor/Desktop/google-map-react
11 silly lifecycle google-map-react@0.16.0~lint: Args: [ '-c', 'eslint src develop' ]
12 silly lifecycle google-map-react@0.16.0~lint: Returned: code: 1  signal: null
13 info lifecycle google-map-react@0.16.0~lint: Failed to exec lint script
14 verbose stack Error: google-map-react@0.16.0 lint: `eslint src develop`
14 verbose stack Exit status 1
14 verbose stack     at EventEmitter.<anonymous> (/usr/local/lib/node_modules/npm/lib/utils/lifecycle.js:245:16)
14 verbose stack     at emitTwo (events.js:87:13)
14 verbose stack     at EventEmitter.emit (events.js:172:7)
14 verbose stack     at ChildProcess.<anonymous> (/usr/local/lib/node_modules/npm/lib/utils/spawn.js:24:14)
14 verbose stack     at emitTwo (events.js:87:13)
14 verbose stack     at ChildProcess.emit (events.js:172:7)
14 verbose stack     at maybeClose (internal/child_process.js:827:16)
14 verbose stack     at Process.ChildProcess._handle.onexit (internal/child_process.js:211:5)
15 verbose pkgid google-map-react@0.16.0
16 verbose cwd /Users/kolombor/Desktop/google-map-react
17 error Darwin 15.5.0
18 error argv "/usr/local/bin/node" "/usr/local/bin/npm" "run" "lint"
19 error node v4.4.4
20 error npm  v3.9.6
21 error code ELIFECYCLE
22 error google-map-react@0.16.0 lint: `eslint src develop`
22 error Exit status 1
23 error Failed at the google-map-react@0.16.0 lint script 'eslint src develop'.
23 error Make sure you have the latest version of node.js and npm installed.
23 error If you do, this is most likely a problem with the google-map-react package,
23 error not with npm itself.
23 error Tell the author that this fails on your system:
23 error     eslint src develop
23 error You can get information on how to open an issue for this project with:
23 error     npm bugs google-map-react
23 error Or if that isn't available, you can get their info via:
23 error     npm owner ls google-map-react
23 error There is likely additional logging output above.
24 verbose exit [ 1, true ]
